[debug] [2023-01-20T13:53:40.648Z] ----------------------------------------------------------------------
[debug] [2023-01-20T13:53:40.651Z] Command:       C:\Program Files\nodejs\node.exe C:\Users\Sri\AppData\Roaming\npm\node_modules\firebase-tools\lib\bin\firebase.js deploy
[debug] [2023-01-20T13:53:40.652Z] CLI Version:   11.21.0
[debug] [2023-01-20T13:53:40.658Z] Platform:      win32
[debug] [2023-01-20T13:53:40.658Z] Node Version:  v18.13.0
[debug] [2023-01-20T13:53:40.665Z] Time:          Fri Jan 20 2023 19:23:40 GMT+0530 (India Standard Time)
[debug] [2023-01-20T13:53:40.666Z] ----------------------------------------------------------------------
[debug] 
[debug] [2023-01-20T13:53:40.965Z] > command requires scopes: ["email","openid","https://www.googleapis.com/auth/cloudplatformprojects.readonly","https://www.googleapis.com/auth/firebase","https://www.googleapis.com/auth/cloud-platform"]
[debug] [2023-01-20T13:53:40.966Z] > authorizing via signed-in user (srikanthadepu368@gmail.com)
[debug] [2023-01-20T13:53:40.967Z] [iam] checking project react-app-demo-project for permissions ["firebase.projects.get","firebasehosting.sites.update"]
[debug] [2023-01-20T13:53:40.998Z] >>> [apiv2][query] POST https://cloudresourcemanager.googleapis.com/v1/projects/react-app-demo-project:testIamPermissions [none]
[debug] [2023-01-20T13:53:41.049Z] >>> [apiv2][(partial)header] POST https://cloudresourcemanager.googleapis.com/v1/projects/react-app-demo-project:testIamPermissions x-goog-quota-user=projects/react-app-demo-project
[debug] [2023-01-20T13:53:41.049Z] >>> [apiv2][body] POST https://cloudresourcemanager.googleapis.com/v1/projects/react-app-demo-project:testIamPermissions {"permissions":["firebase.projects.get","firebasehosting.sites.update"]}
[debug] [2023-01-20T13:53:43.815Z] <<< [apiv2][status] POST https://cloudresourcemanager.googleapis.com/v1/projects/react-app-demo-project:testIamPermissions 200
[debug] [2023-01-20T13:53:43.816Z] <<< [apiv2][body] POST https://cloudresourcemanager.googleapis.com/v1/projects/react-app-demo-project:testIamPermissions {"permissions":["firebase.projects.get","firebasehosting.sites.update"]}
[debug] [2023-01-20T13:53:43.822Z] >>> [apiv2][query] GET https://firebase.googleapis.com/v1beta1/projects/react-app-demo-project [none]
[debug] [2023-01-20T13:53:45.288Z] <<< [apiv2][status] GET https://firebase.googleapis.com/v1beta1/projects/react-app-demo-project 200
[debug] [2023-01-20T13:53:45.289Z] <<< [apiv2][body] GET https://firebase.googleapis.com/v1beta1/projects/react-app-demo-project {"projectId":"react-app-demo-project","projectNumber":"1076124809915","displayName":"react-app-demo-project","name":"projects/react-app-demo-project","resources":{"hostingSite":"react-app-demo-project"},"state":"ACTIVE","etag":"1_e839047c-622c-48cb-b6f4-88d0917d944f"}
[info] 
[info] === Deploying to 'react-app-demo-project'...
[info] 
[info] i  deploying hosting 
[debug] [2023-01-20T13:53:45.463Z] >>> [apiv2][query] POST https://firebasehosting.googleapis.com/v1beta1/projects/-/sites/react-app-demo-project/versions [none]
[debug] [2023-01-20T13:53:45.463Z] >>> [apiv2][body] POST https://firebasehosting.googleapis.com/v1beta1/projects/-/sites/react-app-demo-project/versions {"status":"CREATED","labels":{"deployment-tool":"cli-firebase"}}
[debug] [2023-01-20T13:53:48.187Z] <<< [apiv2][status] POST https://firebasehosting.googleapis.com/v1beta1/projects/-/sites/react-app-demo-project/versions 200
[debug] [2023-01-20T13:53:48.188Z] <<< [apiv2][body] POST https://firebasehosting.googleapis.com/v1beta1/projects/-/sites/react-app-demo-project/versions {"name":"projects/1076124809915/sites/react-app-demo-project/versions/60683dc295d5729d","status":"CREATED","config":{},"labels":{"deployment-tool":"cli-firebase"}}
[info] i  hosting[react-app-demo-project]: beginning deploy... 
[info] i  hosting[react-app-demo-project]: found 24 files in build 
[debug] [2023-01-20T13:53:48.242Z] [hosting] uploading with 200 concurrency
[debug] [2023-01-20T13:53:48.245Z] [hosting] hash cache [YnVpbGQ] not populated
[debug] [2023-01-20T13:53:48.740Z] [hosting] hash cache [YnVpbGQ] stored for 24 files
[debug] [2023-01-20T13:53:48.741Z] [hosting][hash queue][FINAL] {"max":433,"min":78,"avg":133.91666666666666,"active":0,"complete":24,"success":24,"errored":0,"retried":0,"total":24,"elapsed":468}
[debug] [2023-01-20T13:53:48.741Z] >>> [apiv2][query] POST https://firebasehosting.googleapis.com/v1beta1/projects/1076124809915/sites/react-app-demo-project/versions/60683dc295d5729d:populateFiles [none]
[debug] [2023-01-20T13:53:48.742Z] >>> [apiv2][body] POST https://firebasehosting.googleapis.com/v1beta1/projects/1076124809915/sites/react-app-demo-project/versions/60683dc295d5729d:populateFiles {"files":{"/asset-manifest.json":"8b806e7cd12ce397946f8207ad2f23f81c0c7f2f7d50252da82d75509fc13341","/index.html":"478cf3cd639b071613027cb1f203798a6e09f92e3cd309c49473d5899b9842ca","/manifest.json":"aff3449bdc238776f5d6d967f19ec491b36aed5fb7f23ccff6500736fd58494a","/robots.txt":"bfe106a3fb878dc83461c86818bf74fc1bdc7f28538ba613cd3e775516ce8b49","/static/css/main.b3e05fe3.chunk.css":"fc0d3944c3b8d65d7aaf3749857ddd5ba8e1ab93c455c2fbabe545e05c68fafd","/static/css/main.b3e05fe3.chunk.css.map":"02a9427e83a55ca1ee6d3f30d5ee9da53582b6bc2a2f88de0c1f76e791f5e8d0","/static/js/2.d3982601.chunk.js.LICENSE.txt":"ff6e1e979db9369a9f7416a242049ffecf6a913bd1a6c3b5da956e28224606d9","/static/js/3.bdf30bfa.chunk.js":"270589dd6062ec7a16d38af1405c2cfdaf27baf5f42acbc609a3c8845eea836d","/static/js/3.bdf30bfa.chunk.js.map":"214189e5b69508c6748ebaa9a075af1eaa2884223aa712067d116d2fe5c3f831","/static/js/main.cc14c071.chunk.js":"5075bed2bd89944c6cb134a193c0cb42db50ed821aa21dda86b70efb1adc2d70","/static/js/runtime-main.64237265.js":"eb01a17f765acae6a151ea0318d999672f11acf0ad9c97bf32cc812c359c9c4f","/static/js/main.cc14c071.chunk.js.map":"f9cef214d9e861a49fd870812ec1b7239ceafbc6089e37644ca4df5db4a0ccba","/static/js/runtime-main.64237265.js.map":"9afede73a8f6fdb7087d16a8b6b30466c109754d1e32d18e83c615bbdc84cc15","/static/media/logo.6ce24c58.svg":"ac1a3d8899432561573d6a5cf56459437c09b902599a1deb91c0f8d4bb40459d","/favicon.ico":"eae62e993eb980ec8a25058c39d5a51feab118bd2100c4deebb2a9c158ec11f9","/logo192.png":"3ee59515172ee198f3be375979df15ac5345183e656720a381b8872b2a39dc8b","/logo512.png":"ee7e2f3fdb8209c4b6fd7bef6ba50d1b9dba30a25bb5c3126df057e1cb6f5331","/static/css/2.af34670d.chunk.css":"d6a51212c2a614030be1ace3c329499bcfaa9246a731bcc42216be63b35428b8","/static/js/2.d3982601.chunk.js":"31b2e6bfd82103b63afe76da6e6c32d62d876cbd4908a9c170c926cd0fb31b07","/static/media/image.10d4af4c.png":"ab9610eb8cf69c9a11b25a053e07ac6c1c81ce9ba146f2490dd5633c8b5dfcc5","/static/css/2.af34670d.chunk.css.map":"c93088efcb075307836d3a8b6389136ca5a8a0dc1d8de8059cabaed578f25f16","/static/media/kgf.11f26c9c.mp3":"d1d5fa024f5aa7c7fcb78cfa6bef93df418ccca77697c0dfa1d5a38b4adccceb","/static/js/2.d3982601.chunk.js.map":"dcc5319b9e662ac2bf58084b50234c318d27063363286ae56b583059e6bb8912","/static/media/video.44a89844.mp4":"849867deb2a17b6bf709674488c4de99073374fd2633ff350a7d6719edcc5551"}}
[debug] [2023-01-20T13:53:50.556Z] <<< [apiv2][status] POST https://firebasehosting.googleapis.com/v1beta1/projects/1076124809915/sites/react-app-demo-project/versions/60683dc295d5729d:populateFiles 200
[debug] [2023-01-20T13:53:50.557Z] <<< [apiv2][body] POST https://firebasehosting.googleapis.com/v1beta1/projects/1076124809915/sites/react-app-demo-project/versions/60683dc295d5729d:populateFiles {"uploadRequiredHashes":["ab9610eb8cf69c9a11b25a053e07ac6c1c81ce9ba146f2490dd5633c8b5dfcc5","f9cef214d9e861a49fd870812ec1b7239ceafbc6089e37644ca4df5db4a0ccba","02a9427e83a55ca1ee6d3f30d5ee9da53582b6bc2a2f88de0c1f76e791f5e8d0","5075bed2bd89944c6cb134a193c0cb42db50ed821aa21dda86b70efb1adc2d70","ee7e2f3fdb8209c4b6fd7bef6ba50d1b9dba30a25bb5c3126df057e1cb6f5331","eb01a17f765acae6a151ea0318d999672f11acf0ad9c97bf32cc812c359c9c4f","fc0d3944c3b8d65d7aaf3749857ddd5ba8e1ab93c455c2fbabe545e05c68fafd","dcc5319b9e662ac2bf58084b50234c318d27063363286ae56b583059e6bb8912","478cf3cd639b071613027cb1f203798a6e09f92e3cd309c49473d5899b9842ca","9afede73a8f6fdb7087d16a8b6b30466c109754d1e32d18e83c615bbdc84cc15","31b2e6bfd82103b63afe76da6e6c32d62d876cbd4908a9c170c926cd0fb31b07","849867deb2a17b6bf709674488c4de99073374fd2633ff350a7d6719edcc5551","8b806e7cd12ce397946f8207ad2f23f81c0c7f2f7d50252da82d75509fc13341","eae62e993eb980ec8a25058c39d5a51feab118bd2100c4deebb2a9c158ec11f9","ac1a3d8899432561573d6a5cf56459437c09b902599a1deb91c0f8d4bb40459d","aff3449bdc238776f5d6d967f19ec491b36aed5fb7f23ccff6500736fd58494a","214189e5b69508c6748ebaa9a075af1eaa2884223aa712067d116d2fe5c3f831","d6a51212c2a614030be1ace3c329499bcfaa9246a731bcc42216be63b35428b8","3ee59515172ee198f3be375979df15ac5345183e656720a381b8872b2a39dc8b","d1d5fa024f5aa7c7fcb78cfa6bef93df418ccca77697c0dfa1d5a38b4adccceb","ff6e1e979db9369a9f7416a242049ffecf6a913bd1a6c3b5da956e28224606d9","270589dd6062ec7a16d38af1405c2cfdaf27baf5f42acbc609a3c8845eea836d","c93088efcb075307836d3a8b6389136ca5a8a0dc1d8de8059cabaed578f25f16","bfe106a3fb878dc83461c86818bf74fc1bdc7f28538ba613cd3e775516ce8b49"],"uploadUrl":"https://upload-firebasehosting.googleapis.com/upload/sites/react-app-demo-project/versions/60683dc295d5729d/files"}
[debug] [2023-01-20T13:53:50.582Z] >>> [apiv2][query] POST https://upload-firebasehosting.googleapis.com/upload/sites/react-app-demo-project/versions/60683dc295d5729d/files/ab9610eb8cf69c9a11b25a053e07ac6c1c81ce9ba146f2490dd5633c8b5dfcc5 [none]
[debug] [2023-01-20T13:53:50.583Z] >>> [apiv2][body] POST https://upload-firebasehosting.googleapis.com/upload/sites/react-app-demo-project/versions/60683dc295d5729d/files/ab9610eb8cf69c9a11b25a053e07ac6c1c81ce9ba146f2490dd5633c8b5dfcc5 [stream]
[debug] [2023-01-20T13:53:50.592Z] >>> [apiv2][query] POST https://upload-firebasehosting.googleapis.com/upload/sites/react-app-demo-project/versions/60683dc295d5729d/files/f9cef214d9e861a49fd870812ec1b7239ceafbc6089e37644ca4df5db4a0ccba [none]
[debug] [2023-01-20T13:53:50.592Z] >>> [apiv2][body] POST https://upload-firebasehosting.googleapis.com/upload/sites/react-app-demo-project/versions/60683dc295d5729d/files/f9cef214d9e861a49fd870812ec1b7239ceafbc6089e37644ca4df5db4a0ccba [stream]
[debug] [2023-01-20T13:53:50.599Z] >>> [apiv2][query] POST https://upload-firebasehosting.googleapis.com/upload/sites/react-app-demo-project/versions/60683dc295d5729d/files/02a9427e83a55ca1ee6d3f30d5ee9da53582b6bc2a2f88de0c1f76e791f5e8d0 [none]
[debug] [2023-01-20T13:53:50.599Z] >>> [apiv2][body] POST https://upload-firebasehosting.googleapis.com/upload/sites/react-app-demo-project/versions/60683dc295d5729d/files/02a9427e83a55ca1ee6d3f30d5ee9da53582b6bc2a2f88de0c1f76e791f5e8d0 [stream]
[debug] [2023-01-20T13:53:50.602Z] >>> [apiv2][query] POST https://upload-firebasehosting.googleapis.com/upload/sites/react-app-demo-project/versions/60683dc295d5729d/files/5075bed2bd89944c6cb134a193c0cb42db50ed821aa21dda86b70efb1adc2d70 [none]
[debug] [2023-01-20T13:53:50.603Z] >>> [apiv2][body] POST https://upload-firebasehosting.googleapis.com/upload/sites/react-app-demo-project/versions/60683dc295d5729d/files/5075bed2bd89944c6cb134a193c0cb42db50ed821aa21dda86b70efb1adc2d70 [stream]
[debug] [2023-01-20T13:53:50.605Z] >>> [apiv2][query] POST https://upload-firebasehosting.googleapis.com/upload/sites/react-app-demo-project/versions/60683dc295d5729d/files/ee7e2f3fdb8209c4b6fd7bef6ba50d1b9dba30a25bb5c3126df057e1cb6f5331 [none]
[debug] [2023-01-20T13:53:50.606Z] >>> [apiv2][body] POST https://upload-firebasehosting.googleapis.com/upload/sites/react-app-demo-project/versions/60683dc295d5729d/files/ee7e2f3fdb8209c4b6fd7bef6ba50d1b9dba30a25bb5c3126df057e1cb6f5331 [stream]
[debug] [2023-01-20T13:53:50.608Z] >>> [apiv2][query] POST https://upload-firebasehosting.googleapis.com/upload/sites/react-app-demo-project/versions/60683dc295d5729d/files/eb01a17f765acae6a151ea0318d999672f11acf0ad9c97bf32cc812c359c9c4f [none]
[debug] [2023-01-20T13:53:50.608Z] >>> [apiv2][body] POST https://upload-firebasehosting.googleapis.com/upload/sites/react-app-demo-project/versions/60683dc295d5729d/files/eb01a17f765acae6a151ea0318d999672f11acf0ad9c97bf32cc812c359c9c4f [stream]
[debug] [2023-01-20T13:53:50.616Z] >>> [apiv2][query] POST https://upload-firebasehosting.googleapis.com/upload/sites/react-app-demo-project/versions/60683dc295d5729d/files/fc0d3944c3b8d65d7aaf3749857ddd5ba8e1ab93c455c2fbabe545e05c68fafd [none]
[debug] [2023-01-20T13:53:50.616Z] >>> [apiv2][body] POST https://upload-firebasehosting.googleapis.com/upload/sites/react-app-demo-project/versions/60683dc295d5729d/files/fc0d3944c3b8d65d7aaf3749857ddd5ba8e1ab93c455c2fbabe545e05c68fafd [stream]
[debug] [2023-01-20T13:53:50.618Z] >>> [apiv2][query] POST https://upload-firebasehosting.googleapis.com/upload/sites/react-app-demo-project/versions/60683dc295d5729d/files/dcc5319b9e662ac2bf58084b50234c318d27063363286ae56b583059e6bb8912 [none]
[debug] [2023-01-20T13:53:50.618Z] >>> [apiv2][body] POST https://upload-firebasehosting.googleapis.com/upload/sites/react-app-demo-project/versions/60683dc295d5729d/files/dcc5319b9e662ac2bf58084b50234c318d27063363286ae56b583059e6bb8912 [stream]
[debug] [2023-01-20T13:53:50.620Z] >>> [apiv2][query] POST https://upload-firebasehosting.googleapis.com/upload/sites/react-app-demo-project/versions/60683dc295d5729d/files/478cf3cd639b071613027cb1f203798a6e09f92e3cd309c49473d5899b9842ca [none]
[debug] [2023-01-20T13:53:50.621Z] >>> [apiv2][body] POST https://upload-firebasehosting.googleapis.com/upload/sites/react-app-demo-project/versions/60683dc295d5729d/files/478cf3cd639b071613027cb1f203798a6e09f92e3cd309c49473d5899b9842ca [stream]
[debug] [2023-01-20T13:53:50.623Z] >>> [apiv2][query] POST https://upload-firebasehosting.googleapis.com/upload/sites/react-app-demo-project/versions/60683dc295d5729d/files/9afede73a8f6fdb7087d16a8b6b30466c109754d1e32d18e83c615bbdc84cc15 [none]
[debug] [2023-01-20T13:53:50.623Z] >>> [apiv2][body] POST https://upload-firebasehosting.googleapis.com/upload/sites/react-app-demo-project/versions/60683dc295d5729d/files/9afede73a8f6fdb7087d16a8b6b30466c109754d1e32d18e83c615bbdc84cc15 [stream]
[debug] [2023-01-20T13:53:50.625Z] >>> [apiv2][query] POST https://upload-firebasehosting.googleapis.com/upload/sites/react-app-demo-project/versions/60683dc295d5729d/files/31b2e6bfd82103b63afe76da6e6c32d62d876cbd4908a9c170c926cd0fb31b07 [none]
[debug] [2023-01-20T13:53:50.625Z] >>> [apiv2][body] POST https://upload-firebasehosting.googleapis.com/upload/sites/react-app-demo-project/versions/60683dc295d5729d/files/31b2e6bfd82103b63afe76da6e6c32d62d876cbd4908a9c170c926cd0fb31b07 [stream]
[debug] [2023-01-20T13:53:50.630Z] >>> [apiv2][query] POST https://upload-firebasehosting.googleapis.com/upload/sites/react-app-demo-project/versions/60683dc295d5729d/files/849867deb2a17b6bf709674488c4de99073374fd2633ff350a7d6719edcc5551 [none]
[debug] [2023-01-20T13:53:50.631Z] >>> [apiv2][body] POST https://upload-firebasehosting.googleapis.com/upload/sites/react-app-demo-project/versions/60683dc295d5729d/files/849867deb2a17b6bf709674488c4de99073374fd2633ff350a7d6719edcc5551 [stream]
[debug] [2023-01-20T13:53:50.633Z] >>> [apiv2][query] POST https://upload-firebasehosting.googleapis.com/upload/sites/react-app-demo-project/versions/60683dc295d5729d/files/8b806e7cd12ce397946f8207ad2f23f81c0c7f2f7d50252da82d75509fc13341 [none]
[debug] [2023-01-20T13:53:50.633Z] >>> [apiv2][body] POST https://upload-firebasehosting.googleapis.com/upload/sites/react-app-demo-project/versions/60683dc295d5729d/files/8b806e7cd12ce397946f8207ad2f23f81c0c7f2f7d50252da82d75509fc13341 [stream]
[debug] [2023-01-20T13:53:50.634Z] >>> [apiv2][query] POST https://upload-firebasehosting.googleapis.com/upload/sites/react-app-demo-project/versions/60683dc295d5729d/files/eae62e993eb980ec8a25058c39d5a51feab118bd2100c4deebb2a9c158ec11f9 [none]
[debug] [2023-01-20T13:53:50.634Z] >>> [apiv2][body] POST https://upload-firebasehosting.googleapis.com/upload/sites/react-app-demo-project/versions/60683dc295d5729d/files/eae62e993eb980ec8a25058c39d5a51feab118bd2100c4deebb2a9c158ec11f9 [stream]
[debug] [2023-01-20T13:53:50.637Z] >>> [apiv2][query] POST https://upload-firebasehosting.googleapis.com/upload/sites/react-app-demo-project/versions/60683dc295d5729d/files/ac1a3d8899432561573d6a5cf56459437c09b902599a1deb91c0f8d4bb40459d [none]
[debug] [2023-01-20T13:53:50.637Z] >>> [apiv2][body] POST https://upload-firebasehosting.googleapis.com/upload/sites/react-app-demo-project/versions/60683dc295d5729d/files/ac1a3d8899432561573d6a5cf56459437c09b902599a1deb91c0f8d4bb40459d [stream]
[debug] [2023-01-20T13:53:50.639Z] >>> [apiv2][query] POST https://upload-firebasehosting.googleapis.com/upload/sites/react-app-demo-project/versions/60683dc295d5729d/files/aff3449bdc238776f5d6d967f19ec491b36aed5fb7f23ccff6500736fd58494a [none]
[debug] [2023-01-20T13:53:50.639Z] >>> [apiv2][body] POST https://upload-firebasehosting.googleapis.com/upload/sites/react-app-demo-project/versions/60683dc295d5729d/files/aff3449bdc238776f5d6d967f19ec491b36aed5fb7f23ccff6500736fd58494a [stream]
[debug] [2023-01-20T13:53:50.640Z] >>> [apiv2][query] POST https://upload-firebasehosting.googleapis.com/upload/sites/react-app-demo-project/versions/60683dc295d5729d/files/214189e5b69508c6748ebaa9a075af1eaa2884223aa712067d116d2fe5c3f831 [none]
[debug] [2023-01-20T13:53:50.641Z] >>> [apiv2][body] POST https://upload-firebasehosting.googleapis.com/upload/sites/react-app-demo-project/versions/60683dc295d5729d/files/214189e5b69508c6748ebaa9a075af1eaa2884223aa712067d116d2fe5c3f831 [stream]
[debug] [2023-01-20T13:53:50.664Z] >>> [apiv2][query] POST https://upload-firebasehosting.googleapis.com/upload/sites/react-app-demo-project/versions/60683dc295d5729d/files/d6a51212c2a614030be1ace3c329499bcfaa9246a731bcc42216be63b35428b8 [none]
[debug] [2023-01-20T13:53:50.664Z] >>> [apiv2][body] POST https://upload-firebasehosting.googleapis.com/upload/sites/react-app-demo-project/versions/60683dc295d5729d/files/d6a51212c2a614030be1ace3c329499bcfaa9246a731bcc42216be63b35428b8 [stream]
[debug] [2023-01-20T13:53:50.667Z] >>> [apiv2][query] POST https://upload-firebasehosting.googleapis.com/upload/sites/react-app-demo-project/versions/60683dc295d5729d/files/3ee59515172ee198f3be375979df15ac5345183e656720a381b8872b2a39dc8b [none]
[debug] [2023-01-20T13:53:50.667Z] >>> [apiv2][body] POST https://upload-firebasehosting.googleapis.com/upload/sites/react-app-demo-project/versions/60683dc295d5729d/files/3ee59515172ee198f3be375979df15ac5345183e656720a381b8872b2a39dc8b [stream]
[debug] [2023-01-20T13:53:50.670Z] >>> [apiv2][query] POST https://upload-firebasehosting.googleapis.com/upload/sites/react-app-demo-project/versions/60683dc295d5729d/files/d1d5fa024f5aa7c7fcb78cfa6bef93df418ccca77697c0dfa1d5a38b4adccceb [none]
[debug] [2023-01-20T13:53:50.670Z] >>> [apiv2][body] POST https://upload-firebasehosting.googleapis.com/upload/sites/react-app-demo-project/versions/60683dc295d5729d/files/d1d5fa024f5aa7c7fcb78cfa6bef93df418ccca77697c0dfa1d5a38b4adccceb [stream]
[debug] [2023-01-20T13:53:50.671Z] >>> [apiv2][query] POST https://upload-firebasehosting.googleapis.com/upload/sites/react-app-demo-project/versions/60683dc295d5729d/files/ff6e1e979db9369a9f7416a242049ffecf6a913bd1a6c3b5da956e28224606d9 [none]
[debug] [2023-01-20T13:53:50.671Z] >>> [apiv2][body] POST https://upload-firebasehosting.googleapis.com/upload/sites/react-app-demo-project/versions/60683dc295d5729d/files/ff6e1e979db9369a9f7416a242049ffecf6a913bd1a6c3b5da956e28224606d9 [stream]
[debug] [2023-01-20T13:53:50.673Z] >>> [apiv2][query] POST https://upload-firebasehosting.googleapis.com/upload/sites/react-app-demo-project/versions/60683dc295d5729d/files/270589dd6062ec7a16d38af1405c2cfdaf27baf5f42acbc609a3c8845eea836d [none]
[debug] [2023-01-20T13:53:50.673Z] >>> [apiv2][body] POST https://upload-firebasehosting.googleapis.com/upload/sites/react-app-demo-project/versions/60683dc295d5729d/files/270589dd6062ec7a16d38af1405c2cfdaf27baf5f42acbc609a3c8845eea836d [stream]
[debug] [2023-01-20T13:53:50.674Z] >>> [apiv2][query] POST https://upload-firebasehosting.googleapis.com/upload/sites/react-app-demo-project/versions/60683dc295d5729d/files/c93088efcb075307836d3a8b6389136ca5a8a0dc1d8de8059cabaed578f25f16 [none]
[debug] [2023-01-20T13:53:50.675Z] >>> [apiv2][body] POST https://upload-firebasehosting.googleapis.com/upload/sites/react-app-demo-project/versions/60683dc295d5729d/files/c93088efcb075307836d3a8b6389136ca5a8a0dc1d8de8059cabaed578f25f16 [stream]
[debug] [2023-01-20T13:53:50.679Z] >>> [apiv2][query] POST https://upload-firebasehosting.googleapis.com/upload/sites/react-app-demo-project/versions/60683dc295d5729d/files/bfe106a3fb878dc83461c86818bf74fc1bdc7f28538ba613cd3e775516ce8b49 [none]
[debug] [2023-01-20T13:53:50.679Z] >>> [apiv2][body] POST https://upload-firebasehosting.googleapis.com/upload/sites/react-app-demo-project/versions/60683dc295d5729d/files/bfe106a3fb878dc83461c86818bf74fc1bdc7f28538ba613cd3e775516ce8b49 [stream]
[debug] [2023-01-20T13:53:50.681Z] [hosting][populate queue][FINAL] {"max":1844,"min":1844,"avg":1844,"active":0,"complete":1,"success":1,"errored":0,"retried":0,"total":1,"elapsed":1944}
[debug] [2023-01-20T13:53:50.681Z] [hosting] uploads queued: 24
[debug] [2023-01-20T13:53:52.154Z] <<< [apiv2][status] POST https://upload-firebasehosting.googleapis.com/upload/sites/react-app-demo-project/versions/60683dc295d5729d/files/ee7e2f3fdb8209c4b6fd7bef6ba50d1b9dba30a25bb5c3126df057e1cb6f5331 200
[debug] [2023-01-20T13:53:52.154Z] <<< [apiv2][body] POST https://upload-firebasehosting.googleapis.com/upload/sites/react-app-demo-project/versions/60683dc295d5729d/files/ee7e2f3fdb8209c4b6fd7bef6ba50d1b9dba30a25bb5c3126df057e1cb6f5331 [stream]
[debug] [2023-01-20T13:53:52.274Z] <<< [apiv2][status] POST https://upload-firebasehosting.googleapis.com/upload/sites/react-app-demo-project/versions/60683dc295d5729d/files/ac1a3d8899432561573d6a5cf56459437c09b902599a1deb91c0f8d4bb40459d 200
[debug] [2023-01-20T13:53:52.274Z] <<< [apiv2][body] POST https://upload-firebasehosting.googleapis.com/upload/sites/react-app-demo-project/versions/60683dc295d5729d/files/ac1a3d8899432561573d6a5cf56459437c09b902599a1deb91c0f8d4bb40459d [stream]
[debug] [2023-01-20T13:53:52.300Z] <<< [apiv2][status] POST https://upload-firebasehosting.googleapis.com/upload/sites/react-app-demo-project/versions/60683dc295d5729d/files/eae62e993eb980ec8a25058c39d5a51feab118bd2100c4deebb2a9c158ec11f9 200
[debug] [2023-01-20T13:53:52.300Z] <<< [apiv2][body] POST https://upload-firebasehosting.googleapis.com/upload/sites/react-app-demo-project/versions/60683dc295d5729d/files/eae62e993eb980ec8a25058c39d5a51feab118bd2100c4deebb2a9c158ec11f9 [stream]
[debug] [2023-01-20T13:53:52.307Z] <<< [apiv2][status] POST https://upload-firebasehosting.googleapis.com/upload/sites/react-app-demo-project/versions/60683dc295d5729d/files/ff6e1e979db9369a9f7416a242049ffecf6a913bd1a6c3b5da956e28224606d9 200
[debug] [2023-01-20T13:53:52.307Z] <<< [apiv2][body] POST https://upload-firebasehosting.googleapis.com/upload/sites/react-app-demo-project/versions/60683dc295d5729d/files/ff6e1e979db9369a9f7416a242049ffecf6a913bd1a6c3b5da956e28224606d9 [stream]
[debug] [2023-01-20T13:53:52.314Z] <<< [apiv2][status] POST https://upload-firebasehosting.googleapis.com/upload/sites/react-app-demo-project/versions/60683dc295d5729d/files/3ee59515172ee198f3be375979df15ac5345183e656720a381b8872b2a39dc8b 200
[debug] [2023-01-20T13:53:52.315Z] <<< [apiv2][body] POST https://upload-firebasehosting.googleapis.com/upload/sites/react-app-demo-project/versions/60683dc295d5729d/files/3ee59515172ee198f3be375979df15ac5345183e656720a381b8872b2a39dc8b [stream]
[debug] [2023-01-20T13:53:52.320Z] <<< [apiv2][status] POST https://upload-firebasehosting.googleapis.com/upload/sites/react-app-demo-project/versions/60683dc295d5729d/files/ab9610eb8cf69c9a11b25a053e07ac6c1c81ce9ba146f2490dd5633c8b5dfcc5 200
[debug] [2023-01-20T13:53:52.321Z] <<< [apiv2][body] POST https://upload-firebasehosting.googleapis.com/upload/sites/react-app-demo-project/versions/60683dc295d5729d/files/ab9610eb8cf69c9a11b25a053e07ac6c1c81ce9ba146f2490dd5633c8b5dfcc5 [stream]
[debug] [2023-01-20T13:53:52.322Z] <<< [apiv2][status] POST https://upload-firebasehosting.googleapis.com/upload/sites/react-app-demo-project/versions/60683dc295d5729d/files/f9cef214d9e861a49fd870812ec1b7239ceafbc6089e37644ca4df5db4a0ccba 200
[debug] [2023-01-20T13:53:52.322Z] <<< [apiv2][body] POST https://upload-firebasehosting.googleapis.com/upload/sites/react-app-demo-project/versions/60683dc295d5729d/files/f9cef214d9e861a49fd870812ec1b7239ceafbc6089e37644ca4df5db4a0ccba [stream]
[debug] [2023-01-20T13:53:52.324Z] <<< [apiv2][status] POST https://upload-firebasehosting.googleapis.com/upload/sites/react-app-demo-project/versions/60683dc295d5729d/files/aff3449bdc238776f5d6d967f19ec491b36aed5fb7f23ccff6500736fd58494a 200
[debug] [2023-01-20T13:53:52.327Z] <<< [apiv2][body] POST https://upload-firebasehosting.googleapis.com/upload/sites/react-app-demo-project/versions/60683dc295d5729d/files/aff3449bdc238776f5d6d967f19ec491b36aed5fb7f23ccff6500736fd58494a [stream]
[debug] [2023-01-20T13:53:52.336Z] <<< [apiv2][status] POST https://upload-firebasehosting.googleapis.com/upload/sites/react-app-demo-project/versions/60683dc295d5729d/files/bfe106a3fb878dc83461c86818bf74fc1bdc7f28538ba613cd3e775516ce8b49 200
[debug] [2023-01-20T13:53:52.336Z] <<< [apiv2][body] POST https://upload-firebasehosting.googleapis.com/upload/sites/react-app-demo-project/versions/60683dc295d5729d/files/bfe106a3fb878dc83461c86818bf74fc1bdc7f28538ba613cd3e775516ce8b49 [stream]
[debug] [2023-01-20T13:53:52.339Z] <<< [apiv2][status] POST https://upload-firebasehosting.googleapis.com/upload/sites/react-app-demo-project/versions/60683dc295d5729d/files/5075bed2bd89944c6cb134a193c0cb42db50ed821aa21dda86b70efb1adc2d70 200
[debug] [2023-01-20T13:53:52.339Z] <<< [apiv2][body] POST https://upload-firebasehosting.googleapis.com/upload/sites/react-app-demo-project/versions/60683dc295d5729d/files/5075bed2bd89944c6cb134a193c0cb42db50ed821aa21dda86b70efb1adc2d70 [stream]
[debug] [2023-01-20T13:53:52.340Z] <<< [apiv2][status] POST https://upload-firebasehosting.googleapis.com/upload/sites/react-app-demo-project/versions/60683dc295d5729d/files/eb01a17f765acae6a151ea0318d999672f11acf0ad9c97bf32cc812c359c9c4f 200
[debug] [2023-01-20T13:53:52.340Z] <<< [apiv2][body] POST https://upload-firebasehosting.googleapis.com/upload/sites/react-app-demo-project/versions/60683dc295d5729d/files/eb01a17f765acae6a151ea0318d999672f11acf0ad9c97bf32cc812c359c9c4f [stream]
[debug] [2023-01-20T13:53:52.373Z] <<< [apiv2][status] POST https://upload-firebasehosting.googleapis.com/upload/sites/react-app-demo-project/versions/60683dc295d5729d/files/8b806e7cd12ce397946f8207ad2f23f81c0c7f2f7d50252da82d75509fc13341 200
[debug] [2023-01-20T13:53:52.374Z] <<< [apiv2][body] POST https://upload-firebasehosting.googleapis.com/upload/sites/react-app-demo-project/versions/60683dc295d5729d/files/8b806e7cd12ce397946f8207ad2f23f81c0c7f2f7d50252da82d75509fc13341 [stream]
[debug] [2023-01-20T13:53:52.414Z] <<< [apiv2][status] POST https://upload-firebasehosting.googleapis.com/upload/sites/react-app-demo-project/versions/60683dc295d5729d/files/d6a51212c2a614030be1ace3c329499bcfaa9246a731bcc42216be63b35428b8 200
[debug] [2023-01-20T13:53:52.414Z] <<< [apiv2][body] POST https://upload-firebasehosting.googleapis.com/upload/sites/react-app-demo-project/versions/60683dc295d5729d/files/d6a51212c2a614030be1ace3c329499bcfaa9246a731bcc42216be63b35428b8 [stream]
[debug] [2023-01-20T13:53:52.460Z] <<< [apiv2][status] POST https://upload-firebasehosting.googleapis.com/upload/sites/react-app-demo-project/versions/60683dc295d5729d/files/c93088efcb075307836d3a8b6389136ca5a8a0dc1d8de8059cabaed578f25f16 200
[debug] [2023-01-20T13:53:52.460Z] <<< [apiv2][body] POST https://upload-firebasehosting.googleapis.com/upload/sites/react-app-demo-project/versions/60683dc295d5729d/files/c93088efcb075307836d3a8b6389136ca5a8a0dc1d8de8059cabaed578f25f16 [stream]
[debug] [2023-01-20T13:53:52.463Z] <<< [apiv2][status] POST https://upload-firebasehosting.googleapis.com/upload/sites/react-app-demo-project/versions/60683dc295d5729d/files/9afede73a8f6fdb7087d16a8b6b30466c109754d1e32d18e83c615bbdc84cc15 200
[debug] [2023-01-20T13:53:52.463Z] <<< [apiv2][body] POST https://upload-firebasehosting.googleapis.com/upload/sites/react-app-demo-project/versions/60683dc295d5729d/files/9afede73a8f6fdb7087d16a8b6b30466c109754d1e32d18e83c615bbdc84cc15 [stream]
[debug] [2023-01-20T13:53:52.488Z] <<< [apiv2][status] POST https://upload-firebasehosting.googleapis.com/upload/sites/react-app-demo-project/versions/60683dc295d5729d/files/214189e5b69508c6748ebaa9a075af1eaa2884223aa712067d116d2fe5c3f831 200
[debug] [2023-01-20T13:53:52.488Z] <<< [apiv2][body] POST https://upload-firebasehosting.googleapis.com/upload/sites/react-app-demo-project/versions/60683dc295d5729d/files/214189e5b69508c6748ebaa9a075af1eaa2884223aa712067d116d2fe5c3f831 [stream]
[debug] [2023-01-20T13:53:52.497Z] <<< [apiv2][status] POST https://upload-firebasehosting.googleapis.com/upload/sites/react-app-demo-project/versions/60683dc295d5729d/files/d1d5fa024f5aa7c7fcb78cfa6bef93df418ccca77697c0dfa1d5a38b4adccceb 200
[debug] [2023-01-20T13:53:52.497Z] <<< [apiv2][body] POST https://upload-firebasehosting.googleapis.com/upload/sites/react-app-demo-project/versions/60683dc295d5729d/files/d1d5fa024f5aa7c7fcb78cfa6bef93df418ccca77697c0dfa1d5a38b4adccceb [stream]
[debug] [2023-01-20T13:53:52.540Z] <<< [apiv2][status] POST https://upload-firebasehosting.googleapis.com/upload/sites/react-app-demo-project/versions/60683dc295d5729d/files/fc0d3944c3b8d65d7aaf3749857ddd5ba8e1ab93c455c2fbabe545e05c68fafd 200
[debug] [2023-01-20T13:53:52.545Z] <<< [apiv2][body] POST https://upload-firebasehosting.googleapis.com/upload/sites/react-app-demo-project/versions/60683dc295d5729d/files/fc0d3944c3b8d65d7aaf3749857ddd5ba8e1ab93c455c2fbabe545e05c68fafd [stream]
[debug] [2023-01-20T13:53:52.563Z] <<< [apiv2][status] POST https://upload-firebasehosting.googleapis.com/upload/sites/react-app-demo-project/versions/60683dc295d5729d/files/478cf3cd639b071613027cb1f203798a6e09f92e3cd309c49473d5899b9842ca 200
[debug] [2023-01-20T13:53:52.563Z] <<< [apiv2][body] POST https://upload-firebasehosting.googleapis.com/upload/sites/react-app-demo-project/versions/60683dc295d5729d/files/478cf3cd639b071613027cb1f203798a6e09f92e3cd309c49473d5899b9842ca [stream]
[debug] [2023-01-20T13:53:52.566Z] <<< [apiv2][status] POST https://upload-firebasehosting.googleapis.com/upload/sites/react-app-demo-project/versions/60683dc295d5729d/files/270589dd6062ec7a16d38af1405c2cfdaf27baf5f42acbc609a3c8845eea836d 200
[debug] [2023-01-20T13:53:52.566Z] <<< [apiv2][body] POST https://upload-firebasehosting.googleapis.com/upload/sites/react-app-demo-project/versions/60683dc295d5729d/files/270589dd6062ec7a16d38af1405c2cfdaf27baf5f42acbc609a3c8845eea836d [stream]
[debug] [2023-01-20T13:53:52.601Z] <<< [apiv2][status] POST https://upload-firebasehosting.googleapis.com/upload/sites/react-app-demo-project/versions/60683dc295d5729d/files/02a9427e83a55ca1ee6d3f30d5ee9da53582b6bc2a2f88de0c1f76e791f5e8d0 200
[debug] [2023-01-20T13:53:52.601Z] <<< [apiv2][body] POST https://upload-firebasehosting.googleapis.com/upload/sites/react-app-demo-project/versions/60683dc295d5729d/files/02a9427e83a55ca1ee6d3f30d5ee9da53582b6bc2a2f88de0c1f76e791f5e8d0 [stream]
[debug] [2023-01-20T13:53:52.657Z] <<< [apiv2][status] POST https://upload-firebasehosting.googleapis.com/upload/sites/react-app-demo-project/versions/60683dc295d5729d/files/31b2e6bfd82103b63afe76da6e6c32d62d876cbd4908a9c170c926cd0fb31b07 200
[debug] [2023-01-20T13:53:52.659Z] <<< [apiv2][body] POST https://upload-firebasehosting.googleapis.com/upload/sites/react-app-demo-project/versions/60683dc295d5729d/files/31b2e6bfd82103b63afe76da6e6c32d62d876cbd4908a9c170c926cd0fb31b07 [stream]
[debug] [2023-01-20T13:53:52.745Z] <<< [apiv2][status] POST https://upload-firebasehosting.googleapis.com/upload/sites/react-app-demo-project/versions/60683dc295d5729d/files/dcc5319b9e662ac2bf58084b50234c318d27063363286ae56b583059e6bb8912 200
[debug] [2023-01-20T13:53:52.746Z] <<< [apiv2][body] POST https://upload-firebasehosting.googleapis.com/upload/sites/react-app-demo-project/versions/60683dc295d5729d/files/dcc5319b9e662ac2bf58084b50234c318d27063363286ae56b583059e6bb8912 [stream]
[debug] [2023-01-20T13:53:52.906Z] <<< [apiv2][status] POST https://upload-firebasehosting.googleapis.com/upload/sites/react-app-demo-project/versions/60683dc295d5729d/files/849867deb2a17b6bf709674488c4de99073374fd2633ff350a7d6719edcc5551 200
[debug] [2023-01-20T13:53:52.906Z] <<< [apiv2][body] POST https://upload-firebasehosting.googleapis.com/upload/sites/react-app-demo-project/versions/60683dc295d5729d/files/849867deb2a17b6bf709674488c4de99073374fd2633ff350a7d6719edcc5551 [stream]
[debug] [2023-01-20T13:53:52.907Z] [hosting][upload queue][FINAL] {"max":2337,"min":1591,"avg":1872.6666666666667,"active":0,"complete":24,"success":24,"errored":0,"retried":0,"total":24,"elapsed":2349}
[info] +  hosting[react-app-demo-project]: file upload complete 
[debug] [2023-01-20T13:53:52.917Z] [hosting] deploy completed after 4718ms
[debug] [2023-01-20T13:53:52.923Z] [
  {
    "config": {
      "public": "build",
      "ignore": [
        "firebase.json",
        "**/.*",
        "**/node_modules/**"
      ],
      "rewrites": [
        {
          "source": "**",
          "destination": "/index.html"
        }
      ],
      "site": "react-app-demo-project"
    },
    "version": "projects/1076124809915/sites/react-app-demo-project/versions/60683dc295d5729d"
  }
]
[info] i  hosting[react-app-demo-project]: finalizing version... 
[debug] [2023-01-20T13:53:52.999Z] >>> [apiv2][query] PATCH https://firebasehosting.googleapis.com/v1beta1/projects/-/sites/react-app-demo-project/versions/60683dc295d5729d updateMask=status%2Cconfig
[debug] [2023-01-20T13:53:52.999Z] >>> [apiv2][body] PATCH https://firebasehosting.googleapis.com/v1beta1/projects/-/sites/react-app-demo-project/versions/60683dc295d5729d {"status":"FINALIZED","config":{"rewrites":[{"glob":"**","path":"/index.html"}]}}
